<?xml version="1.0" encoding="UTF-8"?>
<testsuite xmlns:xsi="http://www.w3.org/2001/XMLSchema-instance" xsi:noNamespaceSchemaLocation="https://maven.apache.org/surefire/maven-surefire-plugin/xsd/surefire-test-report.xsd" name="controlador.VisualizaCuentasControllerTest" time="0.115" tests="2" errors="0" skipped="0" failures="0">
  <properties>
[...]
</properties>
  <testcase name="numeroCuentasMayor50000" classname="controlador.VisualizaCuentasControllerTest" time="0.084"/>
  <testcase name="numeroCuentasTotales" classname="controlador.VisualizaCuentasControllerTest" time="0.016"/>
</testsuite>